<?xml version="1.0" encoding="UTF-8"?>
<!-- Generated by org.testng.reporters.JUnitReportReporter -->
<testsuite hostname="Abhijeet" failures="0" tests="1" name="TestClass.VerifyLoginPage" time="12.759" errors="0" timestamp="2021-10-17T23:09:11 IST" skipped="0">
  <testcase classname="TestClass.VerifyLoginPage" name="onLogin" time="12.759"/>
  <system-out/>
</testsuite> <!-- TestClass.VerifyLoginPage -->
