<?xml version="1.0" encoding="UTF-8"?>
<!-- Generated by org.testng.reporters.JUnitReportReporter -->
<testsuite hostname="Abhijeet" failures="0" tests="3" name="modifiedTest.verifyLoginPage" time="3.960" errors="0" timestamp="2021-10-09T15:15:59 IST" skipped="0">
  <testcase classname="modifiedTest.verifyLoginPage" name="onLogin" time="1.919"/>
  <system-out/>
  <testcase classname="modifiedTest.verifyLoginPage" name="Username" time="1.782"/>
  <system-out/>
  <testcase classname="modifiedTest.verifyLoginPage" name="Password" time="0.259"/>
  <system-out/>
</testsuite> <!-- modifiedTest.verifyLoginPage -->
